<?xml version="1.0" encoding="utf-8"?><testsuites name="pytest tests"><testsuite name="pytest" errors="0" failures="0" skipped="0" tests="14" time="1.196" timestamp="2026-09-13T16:34:21.786747+00:00" hostname="agent-env-2614f97e-44be-4aba-b739-6e14d95fc5b7"><testcase classname="tests.backend_test.TestEPC" name="test_register_epc_minimal" time="0.347" /><testcase classname="tests.backend_test.TestLeads" name="test_create_lead_high_intent" time="0.342" /><testcase classname="tests.backend_test.TestLeads" name="test_create_lead_low_intent" time="0.047" /><testcase classname="tests.backend_test.TestEPC" name="test_list_partners" time="0.063" /><testcase classname="tests.backend_test.TestLeads" name="test_list_leads" time="0.052" /><testcase classname="tests.backend_test.TestEPC" name="test_submit_project" time="0.075" /><testcase classname="tests.backend_test.TestLeads" name="test_get_lead_by_id" time="0.086" /><testcase classname="tests.backend_test.TestEPC" name="test_project_created_lead" time="0.066" /><testcase classname="tests.backend_test.TestLeads" name="test_get_lead_unknown" time="0.087" /><testcase classname="tests.backend_test.TestEPC" name="test_get_project" time="0.064" /><testcase classname="tests.backend_test.TestEPC" name="test_get_project_unknown" time="0.065" /><testcase classname="tests.backend_test" name="test_root" time="0.043" /><testcase classname="tests.backend_test" name="test_stats" time="0.091" /><testcase classname="tests.backend_test.TestEPC" name="test_list_projects" time="0.065" /></testsuite></testsuites>