<?xml version="1.0" encoding="utf-8"?><testsuites name="pytest tests"><testsuite name="pytest" errors="0" failures="0" skipped="0" tests="14" time="1.867" timestamp="2026-09-13T08:25:54.846910+00:00" hostname="agent-env-2614f97e-44be-4aba-b739-6e14d95fc5b7"><testcase classname="tests.backend_test.TestEPC" name="test_register_epc_minimal" time="0.593" /><testcase classname="tests.backend_test.TestLeads" name="test_create_lead_high_intent" time="0.471" /><testcase classname="tests.backend_test.TestLeads" name="test_create_lead_low_intent" time="0.092" /><testcase classname="tests.backend_test.TestLeads" name="test_list_leads" time="0.088" /><testcase classname="tests.backend_test.TestEPC" name="test_list_partners" time="0.130" /><testcase classname="tests.backend_test.TestLeads" name="test_get_lead_by_id" time="0.093" /><testcase classname="tests.backend_test.TestEPC" name="test_submit_project" time="0.089" /><testcase classname="tests.backend_test.TestLeads" name="test_get_lead_unknown" time="0.089" /><testcase classname="tests.backend_test.TestEPC" name="test_project_created_lead" time="0.088" /><testcase classname="tests.backend_test" name="test_root" time="0.089" /><testcase classname="tests.backend_test.TestEPC" name="test_get_project" time="0.088" /><testcase classname="tests.backend_test" name="test_stats" time="0.091" /><testcase classname="tests.backend_test.TestEPC" name="test_get_project_unknown" time="0.091" /><testcase classname="tests.backend_test.TestEPC" name="test_list_projects" time="0.086" /></testsuite></testsuites>